<?xml version="1.0" encoding="UTF-8"?>
<testng-results skipped="0" failed="0" ignored="0" total="1" passed="1">
  <reporter-output>
  </reporter-output>
  <suite name="Default suite" duration-ms="1460" started-at="2020-09-30T22:05:52 IST" finished-at="2020-09-30T22:05:53 IST">
    <groups>
    </groups>
    <test name="Default test" duration-ms="1460" started-at="2020-09-30T22:05:52 IST" finished-at="2020-09-30T22:05:53 IST">
      <class name="LokeshRestAssured.Sep2020RestAssured.JiraTest">
        <test-method status="PASS" signature="addJiraComment()[pri:0, instance:LokeshRestAssured.Sep2020RestAssured.JiraTest@6973bf95]" name="addJiraComment" duration-ms="1434" started-at="2020-09-30T22:05:52 IST" finished-at="2020-09-30T22:05:53 IST">
          <reporter-output>
          </reporter-output>
        </test-method> <!-- addJiraComment -->
      </class> <!-- LokeshRestAssured.Sep2020RestAssured.JiraTest -->
    </test> <!-- Default test -->
  </suite> <!-- Default suite -->
</testng-results>
